<?xml version="1.0" encoding="UTF-8"?>
<!-- Generated by org.testng.reporters.JUnitXMLReporter -->
<testsuite hostname="LIT-HYD-L037" name="GRP-Air_Conditioner" tests="3" failures="1" timestamp="4 Dec 2019 03:55:06 GMT" time="0.377" errors="0">
  <testcase name="@AfterMethod getStatusWithScreenshot" time="0.0" classname="com.esg.executableclasses.Certified_Product_List_CPL_ExecutableClass">
    <failure type="java.lang.NullPointerException">
      <![CDATA[java.lang.NullPointerException
	at com.esg.utilities.GetScreenShot.capture(GetScreenShot.java:19)
	at com.esg.executableclasses.Certified_Product_List_CPL_ExecutableClass.getStatusWithScreenshot(Certified_Product_List_CPL_ExecutableClass.java:584)
	at sun.reflect.NativeMethodAccessorImpl.invoke0(Native Method)
	at sun.reflect.NativeMethodAccessorImpl.invoke(Unknown Source)
	at sun.reflect.DelegatingMethodAccessorImpl.invoke(Unknown Source)
	at java.lang.reflect.Method.invoke(Unknown Source)
	at org.testng.internal.MethodInvocationHelper.invokeMethod(MethodInvocationHelper.java:86)
	at org.testng.internal.Invoker.invokeConfigurationMethod(Invoker.java:514)
	at org.testng.internal.Invoker.invokeConfigurations(Invoker.java:215)
	at org.testng.internal.Invoker.invokeMethod(Invoker.java:709)
	at org.testng.internal.Invoker.invokeTestMethod(Invoker.java:822)
	at org.testng.internal.Invoker.invokeTestMethods(Invoker.java:1130)
	at org.testng.internal.TestMethodWorker.invokeTestMethods(TestMethodWorker.java:129)
	at org.testng.internal.TestMethodWorker.run(TestMethodWorker.java:112)
	at org.testng.TestRunner.privateRun(TestRunner.java:782)
	at org.testng.TestRunner.run(TestRunner.java:632)
	at org.testng.SuiteRunner.runTest(SuiteRunner.java:366)
	at org.testng.SuiteRunner.runSequentially(SuiteRunner.java:361)
	at org.testng.SuiteRunner.privateRun(SuiteRunner.java:319)
	at org.testng.SuiteRunner.run(SuiteRunner.java:268)
	at org.testng.SuiteRunnerWorker.runSuite(SuiteRunnerWorker.java:52)
	at org.testng.SuiteRunnerWorker.run(SuiteRunnerWorker.java:86)
	at org.testng.TestNG.runSuitesSequentially(TestNG.java:1244)
	at org.testng.TestNG.runSuitesLocally(TestNG.java:1169)
	at org.testng.TestNG.run(TestNG.java:1064)
	at org.testng.remote.RemoteTestNG.run(RemoteTestNG.java:113)
	at org.testng.remote.RemoteTestNG.initAndRun(RemoteTestNG.java:206)
	at org.testng.remote.RemoteTestNG.main(RemoteTestNG.java:177)
]]>
    </failure>
  </testcase> <!-- @AfterMethod getStatusWithScreenshot -->
  <testcase name="@AfterMethod getStatusWithScreenshot" time="0.0" classname="com.esg.executableclasses.Certified_Product_List_CPL_ExecutableClass">
    <skipped/>
  </testcase> <!-- @AfterMethod getStatusWithScreenshot -->
  <testcase name="@AfterMethod getStatusWithScreenshot" time="0.0" classname="com.esg.executableclasses.Certified_Product_List_CPL_ExecutableClass">
    <skipped/>
  </testcase> <!-- @AfterMethod getStatusWithScreenshot -->
  <testcase name="@AfterTest Report" time="0.0" classname="com.esg.executableclasses.Certified_Product_List_CPL_ExecutableClass">
    <skipped/>
  </testcase> <!-- @AfterTest Report -->
  <testcase name="AHRI_Air_Conditioner_Residential" time="0.023" classname="com.esg.executableclasses.Certified_Product_List_CPL_ExecutableClass">
    <failure type="java.lang.NullPointerException">
      <![CDATA[java.lang.NullPointerException
	at com.esg.utilities.BaseClass.openURL(BaseClass.java:66)
	at com.esg.testclasses.Certified_Product_List_CPL_TestClass.OnlineApplication(Certified_Product_List_CPL_TestClass.java:24)
	at com.esg.executableclasses.Certified_Product_List_CPL_ExecutableClass.AHRI_Air_Conditioner_Residential(Certified_Product_List_CPL_ExecutableClass.java:34)
	at sun.reflect.NativeMethodAccessorImpl.invoke0(Native Method)
	at sun.reflect.NativeMethodAccessorImpl.invoke(Unknown Source)
	at sun.reflect.DelegatingMethodAccessorImpl.invoke(Unknown Source)
	at java.lang.reflect.Method.invoke(Unknown Source)
	at org.testng.internal.MethodInvocationHelper.invokeMethod(MethodInvocationHelper.java:86)
	at org.testng.internal.Invoker.invokeMethod(Invoker.java:645)
	at org.testng.internal.Invoker.invokeTestMethod(Invoker.java:822)
	at org.testng.internal.Invoker.invokeTestMethods(Invoker.java:1130)
	at org.testng.internal.TestMethodWorker.invokeTestMethods(TestMethodWorker.java:129)
	at org.testng.internal.TestMethodWorker.run(TestMethodWorker.java:112)
	at org.testng.TestRunner.privateRun(TestRunner.java:782)
	at org.testng.TestRunner.run(TestRunner.java:632)
	at org.testng.SuiteRunner.runTest(SuiteRunner.java:366)
	at org.testng.SuiteRunner.runSequentially(SuiteRunner.java:361)
	at org.testng.SuiteRunner.privateRun(SuiteRunner.java:319)
	at org.testng.SuiteRunner.run(SuiteRunner.java:268)
	at org.testng.SuiteRunnerWorker.runSuite(SuiteRunnerWorker.java:52)
	at org.testng.SuiteRunnerWorker.run(SuiteRunnerWorker.java:86)
	at org.testng.TestNG.runSuitesSequentially(TestNG.java:1244)
	at org.testng.TestNG.runSuitesLocally(TestNG.java:1169)
	at org.testng.TestNG.run(TestNG.java:1064)
	at org.testng.remote.RemoteTestNG.run(RemoteTestNG.java:113)
	at org.testng.remote.RemoteTestNG.initAndRun(RemoteTestNG.java:206)
	at org.testng.remote.RemoteTestNG.main(RemoteTestNG.java:177)
]]>
    </failure>
  </testcase> <!-- AHRI_Air_Conditioner_Residential -->
  <testcase name="AHRI_Air_Conditioner_Residential_Mobile_Application" time="0.001" classname="com.esg.executableclasses.Certified_Product_List_CPL_ExecutableClass">
    <skipped/>
  </testcase> <!-- AHRI_Air_Conditioner_Residential_Mobile_Application -->
  <testcase name="AHRI_Air_Conditioner_Residential_Backend_Enrollment" time="0.001" classname="com.esg.executableclasses.Certified_Product_List_CPL_ExecutableClass">
    <skipped/>
  </testcase> <!-- AHRI_Air_Conditioner_Residential_Backend_Enrollment -->
</testsuite> <!-- GRP-Air_Conditioner -->
