<?xml version="1.0" encoding="UTF-8"?>
<!-- Generated by org.testng.reporters.JUnitReportReporter -->
<testsuite name="com.esg.executableclasses.SavedOnlineApplication_ExecutableClass" tests="46" time="2013.218" ignored="0" failures="0" timestamp="21 Apr 2020 17:40:02 GMT" skipped="33" hostname="LIT-HYD-L037" errors="3">
  <testcase name="VerifyAccountHolderTaxInformation_Saved_Online_Application_Step_2" time="0.386" classname="com.esg.executableclasses.SavedOnlineApplication_ExecutableClass"/>
  <testcase name="VerifyAccountHolderTaxInformation_Saved_Online_Application_Step_11" time="0.000" classname="com.esg.executableclasses.SavedOnlineApplication_ExecutableClass">
    <skipped/>
  </testcase> <!-- VerifyAccountHolderTaxInformation_Saved_Online_Application_Step_11 -->
  <testcase name="Verify_PaymentInformation_AfterSaveProcess_Saved_Online_Application" time="0.000" classname="com.esg.executableclasses.SavedOnlineApplication_ExecutableClass">
    <skipped/>
  </testcase> <!-- Verify_PaymentInformation_AfterSaveProcess_Saved_Online_Application -->
  <testcase name="AccessOnlineApplication" time="30.039" classname="com.esg.executableclasses.SavedOnlineApplication_ExecutableClass"/>
  <testcase name="VerifyInstallerInformation_Saved_Online_Application_Step_11" time="0.010" classname="com.esg.executableclasses.SavedOnlineApplication_ExecutableClass">
    <skipped/>
  </testcase> <!-- VerifyInstallerInformation_Saved_Online_Application_Step_11 -->
  <testcase name="Complete_IncentiveSummary_Saved_Online_Application_Step_6" time="0.000" classname="com.esg.executableclasses.SavedOnlineApplication_ExecutableClass">
    <skipped/>
  </testcase> <!-- Complete_IncentiveSummary_Saved_Online_Application_Step_6 -->
  <testcase name="Verify_CustomerInformation_AfterSaveProcess_Saved_Online_Application" time="0.000" classname="com.esg.executableclasses.SavedOnlineApplication_ExecutableClass">
    <skipped/>
  </testcase> <!-- Verify_CustomerInformation_AfterSaveProcess_Saved_Online_Application -->
  <testcase name="Verify_InstallerInformation_AfterSaveProcess_Saved_Online_Application" time="0.693" classname="com.esg.executableclasses.SavedOnlineApplication_ExecutableClass">
    <skipped/>
  </testcase> <!-- Verify_InstallerInformation_AfterSaveProcess_Saved_Online_Application -->
  <testcase name="Saved_Online_Application_Step_1" time="93.453" classname="com.esg.executableclasses.SavedOnlineApplication_ExecutableClass"/>
  <testcase name="VerifyCustmerInformation_Saved_Online_Application_Step_11" time="0.000" classname="com.esg.executableclasses.SavedOnlineApplication_ExecutableClass">
    <skipped/>
  </testcase> <!-- VerifyCustmerInformation_Saved_Online_Application_Step_11 -->
  <testcase name="Verify_EquipmentInformation_AfterSaveProcess_Saved_Online_Application" time="0.000" classname="com.esg.executableclasses.SavedOnlineApplication_ExecutableClass">
    <skipped/>
  </testcase> <!-- Verify_EquipmentInformation_AfterSaveProcess_Saved_Online_Application -->
  <testcase name="Verify_Terms_and_Conditions_AfterSaveProcess_Saved_Online_Application" time="0.000" classname="com.esg.executableclasses.SavedOnlineApplication_ExecutableClass">
    <skipped/>
  </testcase> <!-- Verify_Terms_and_Conditions_AfterSaveProcess_Saved_Online_Application -->
  <testcase name="Complete_Installer_Information_Saved_Online_Application_Step_3" time="1250.350" classname="com.esg.executableclasses.SavedOnlineApplication_ExecutableClass">
    <error type="org.openqa.selenium.NoSuchElementException" message="no such element: Unable to locate element: {&quot;method&quot;:&quot;xpath&quot;,&quot;selector&quot;:&quot;//*[contains(text(),&#039;Work Performed By&#039;)]/parent::fieldset/div/label[2]/input&quot;}
  (Session info: chrome=81.0.4044.113)
  (Driver info: chromedriver=2.43.600210 (68dcf5eebde37173d4027fa8635e332711d2874a),platform=Windows NT 10.0.18363 x86_64) (WARNING: The server did not provide any stacktrace information)
Command duration or timeout: 0 milliseconds
For documentation on this error, please visit: https://www.seleniumhq.org/exceptions/no_such_element.html
Build info: version: &#039;3.141.59&#039;, revision: &#039;e82be7d358&#039;, time: &#039;2018-11-14T08:17:03&#039;
System info: host: &#039;LIT-HYD-L037&#039;, ip: &#039;172.16.103.154&#039;, os.name: &#039;Windows 10&#039;, os.arch: &#039;amd64&#039;, os.version: &#039;10.0&#039;, java.version: &#039;1.8.0_191&#039;
Driver info: org.openqa.selenium.chrome.ChromeDriver
Capabilities {acceptInsecureCerts: false, acceptSslCerts: false, applicationCacheEnabled: false, browserConnectionEnabled: false, browserName: chrome, chrome: {chromedriverVersion: 2.43.600210 (68dcf5eebde371..., userDataDir: C:\Users\JYOTIB~1\AppData\L...}, cssSelectorsEnabled: true, databaseEnabled: false, goog:chromeOptions: {debuggerAddress: localhost:1446}, handlesAlerts: true, hasTouchScreen: false, javascriptEnabled: true, locationContextEnabled: true, mobileEmulationEnabled: false, nativeEvents: true, networkConnectionEnabled: false, pageLoadStrategy: normal, platform: XP, platformName: XP, rotatable: false, setWindowRect: true, takesHeapSnapshot: true, takesScreenshot: true, unexpectedAlertBehaviour: , unhandledPromptBehavior: , version: 81.0.4044.113, webStorageEnabled: true}
Session ID: 09b25456edebb22f6f2c7b1d7e3d253e
*** Element info: {Using=xpath, value=//*[contains(text(),&#039;Work Performed By&#039;)]/parent::fieldset/div/label[2]/input}">
      <![CDATA[org.openqa.selenium.NoSuchElementException: no such element: Unable to locate element: {"method":"xpath","selector":"//*[contains(text(),'Work Performed By')]/parent::fieldset/div/label[2]/input"}
  (Session info: chrome=81.0.4044.113)
  (Driver info: chromedriver=2.43.600210 (68dcf5eebde37173d4027fa8635e332711d2874a),platform=Windows NT 10.0.18363 x86_64) (WARNING: The server did not provide any stacktrace information)
Command duration or timeout: 0 milliseconds
For documentation on this error, please visit: https://www.seleniumhq.org/exceptions/no_such_element.html
Build info: version: '3.141.59', revision: 'e82be7d358', time: '2018-11-14T08:17:03'
System info: host: 'LIT-HYD-L037', ip: '172.16.103.154', os.name: 'Windows 10', os.arch: 'amd64', os.version: '10.0', java.version: '1.8.0_191'
Driver info: org.openqa.selenium.chrome.ChromeDriver
Capabilities {acceptInsecureCerts: false, acceptSslCerts: false, applicationCacheEnabled: false, browserConnectionEnabled: false, browserName: chrome, chrome: {chromedriverVersion: 2.43.600210 (68dcf5eebde371..., userDataDir: C:\Users\JYOTIB~1\AppData\L...}, cssSelectorsEnabled: true, databaseEnabled: false, goog:chromeOptions: {debuggerAddress: localhost:1446}, handlesAlerts: true, hasTouchScreen: false, javascriptEnabled: true, locationContextEnabled: true, mobileEmulationEnabled: false, nativeEvents: true, networkConnectionEnabled: false, pageLoadStrategy: normal, platform: XP, platformName: XP, rotatable: false, setWindowRect: true, takesHeapSnapshot: true, takesScreenshot: true, unexpectedAlertBehaviour: , unhandledPromptBehavior: , version: 81.0.4044.113, webStorageEnabled: true}
Session ID: 09b25456edebb22f6f2c7b1d7e3d253e
*** Element info: {Using=xpath, value=//*[contains(text(),'Work Performed By')]/parent::fieldset/div/label[2]/input}
	at sun.reflect.NativeConstructorAccessorImpl.newInstance0(Native Method)
	at sun.reflect.NativeConstructorAccessorImpl.newInstance(NativeConstructorAccessorImpl.java:62)
	at sun.reflect.DelegatingConstructorAccessorImpl.newInstance(DelegatingConstructorAccessorImpl.java:45)
	at java.lang.reflect.Constructor.newInstance(Constructor.java:423)
	at org.openqa.selenium.remote.ErrorHandler.createThrowable(ErrorHandler.java:214)
	at org.openqa.selenium.remote.ErrorHandler.throwIfResponseFailed(ErrorHandler.java:166)
	at org.openqa.selenium.remote.http.JsonHttpResponseCodec.reconstructValue(JsonHttpResponseCodec.java:40)
	at org.openqa.selenium.remote.http.AbstractHttpResponseCodec.decode(AbstractHttpResponseCodec.java:80)
	at org.openqa.selenium.remote.http.AbstractHttpResponseCodec.decode(AbstractHttpResponseCodec.java:44)
	at org.openqa.selenium.remote.HttpCommandExecutor.execute(HttpCommandExecutor.java:158)
	at org.openqa.selenium.remote.service.DriverCommandExecutor.execute(DriverCommandExecutor.java:83)
	at org.openqa.selenium.remote.RemoteWebDriver.execute(RemoteWebDriver.java:552)
	at org.openqa.selenium.remote.RemoteWebDriver.findElement(RemoteWebDriver.java:323)
	at org.openqa.selenium.remote.RemoteWebDriver.findElementByXPath(RemoteWebDriver.java:428)
	at org.openqa.selenium.By$ByXPath.findElement(By.java:353)
	at org.openqa.selenium.remote.RemoteWebDriver.findElement(RemoteWebDriver.java:315)
	at com.esg.utilities.BaseClass.Xpath(BaseClass.java:51)
	at com.esg.utilities.BaseClass.clickWebelement(BaseClass.java:177)
	at com.esg.testclasses.SavedOnlineApplication_TestClass.Step3_Complete_InstallerInformation(SavedOnlineApplication_TestClass.java:232)
	at com.esg.executableclasses.SavedOnlineApplication_ExecutableClass.Complete_Installer_Information_Saved_Online_Application_Step_3(SavedOnlineApplication_ExecutableClass.java:78)
	at sun.reflect.NativeMethodAccessorImpl.invoke0(Native Method)
	at sun.reflect.NativeMethodAccessorImpl.invoke(NativeMethodAccessorImpl.java:62)
	at sun.reflect.DelegatingMethodAccessorImpl.invoke(DelegatingMethodAccessorImpl.java:43)
	at java.lang.reflect.Method.invoke(Method.java:498)
	at org.testng.internal.MethodInvocationHelper.invokeMethod(MethodInvocationHelper.java:104)
	at org.testng.internal.Invoker.invokeMethod(Invoker.java:645)
	at org.testng.internal.Invoker.invokeTestMethod(Invoker.java:851)
	at org.testng.internal.Invoker.invokeTestMethods(Invoker.java:1177)
	at org.testng.internal.TestMethodWorker.invokeTestMethods(TestMethodWorker.java:129)
	at org.testng.internal.TestMethodWorker.run(TestMethodWorker.java:112)
	at org.testng.TestRunner.privateRun(TestRunner.java:756)
	at org.testng.TestRunner.run(TestRunner.java:610)
	at org.testng.SuiteRunner.runTest(SuiteRunner.java:387)
	at org.testng.SuiteRunner.runSequentially(SuiteRunner.java:382)
	at org.testng.SuiteRunner.privateRun(SuiteRunner.java:340)
	at org.testng.SuiteRunner.run(SuiteRunner.java:289)
	at org.testng.SuiteRunnerWorker.runSuite(SuiteRunnerWorker.java:52)
	at org.testng.SuiteRunnerWorker.run(SuiteRunnerWorker.java:86)
	at org.testng.TestNG.runSuitesSequentially(TestNG.java:1293)
	at org.testng.TestNG.runSuitesLocally(TestNG.java:1218)
	at org.testng.TestNG.runSuites(TestNG.java:1133)
	at org.testng.TestNG.run(TestNG.java:1104)
	at org.testng.remote.AbstractRemoteTestNG.run(AbstractRemoteTestNG.java:132)
	at org.testng.remote.RemoteTestNG.initAndRun(RemoteTestNG.java:236)
	at org.testng.remote.RemoteTestNG.main(RemoteTestNG.java:81)
]]>
    </error>
  </testcase> <!-- Complete_Installer_Information_Saved_Online_Application_Step_3 -->
  <testcase name="VerifyPropertyInformation_Saved_Online_Application_Step_2" time="2.118" classname="com.esg.executableclasses.SavedOnlineApplication_ExecutableClass"/>
  <testcase name="VerifyEquipmentInformation_Saved_Online_Application_Step_11" time="0.000" classname="com.esg.executableclasses.SavedOnlineApplication_ExecutableClass">
    <skipped/>
  </testcase> <!-- VerifyEquipmentInformation_Saved_Online_Application_Step_11 -->
  <testcase name="Login_EECP" time="0.000" classname="com.esg.executableclasses.SavedOnlineApplication_ExecutableClass">
    <skipped/>
  </testcase> <!-- Login_EECP -->
  <testcase name="Complete_Terms_and_Conditions_Saved_Online_Application_Step_10" time="0.000" classname="com.esg.executableclasses.SavedOnlineApplication_ExecutableClass">
    <skipped/>
  </testcase> <!-- Complete_Terms_and_Conditions_Saved_Online_Application_Step_10 -->
  <testcase name="AccessEmail_Saved_Online_Application" time="0.000" classname="com.esg.executableclasses.SavedOnlineApplication_ExecutableClass">
    <skipped/>
  </testcase> <!-- AccessEmail_Saved_Online_Application -->
  <testcase name="Complete_Payee_Information_Saved_Online_Application_Step_4" time="15.832" classname="com.esg.executableclasses.SavedOnlineApplication_ExecutableClass">
    <error type="org.openqa.selenium.NoSuchWindowException" message="no such window: target window already closed
from unknown error: web view not found
  (Session info: chrome=81.0.4044.113)
  (Driver info: chromedriver=2.43.600210 (68dcf5eebde37173d4027fa8635e332711d2874a),platform=Windows NT 10.0.18363 x86_64) (WARNING: The server did not provide any stacktrace information)
Command duration or timeout: 0 milliseconds
Build info: version: &#039;3.141.59&#039;, revision: &#039;e82be7d358&#039;, time: &#039;2018-11-14T08:17:03&#039;
System info: host: &#039;LIT-HYD-L037&#039;, ip: &#039;172.16.103.154&#039;, os.name: &#039;Windows 10&#039;, os.arch: &#039;amd64&#039;, os.version: &#039;10.0&#039;, java.version: &#039;1.8.0_191&#039;
Driver info: org.openqa.selenium.chrome.ChromeDriver
Capabilities {acceptInsecureCerts: false, acceptSslCerts: false, applicationCacheEnabled: false, browserConnectionEnabled: false, browserName: chrome, chrome: {chromedriverVersion: 2.43.600210 (68dcf5eebde371..., userDataDir: C:\Users\JYOTIB~1\AppData\L...}, cssSelectorsEnabled: true, databaseEnabled: false, goog:chromeOptions: {debuggerAddress: localhost:1446}, handlesAlerts: true, hasTouchScreen: false, javascriptEnabled: true, locationContextEnabled: true, mobileEmulationEnabled: false, nativeEvents: true, networkConnectionEnabled: false, pageLoadStrategy: normal, platform: XP, platformName: XP, rotatable: false, setWindowRect: true, takesHeapSnapshot: true, takesScreenshot: true, unexpectedAlertBehaviour: , unhandledPromptBehavior: , version: 81.0.4044.113, webStorageEnabled: true}
Session ID: 09b25456edebb22f6f2c7b1d7e3d253e
*** Element info: {Using=xpath, value=//*[text()=&#039;Applicant&#039;]/input}">
      <![CDATA[org.openqa.selenium.NoSuchWindowException: no such window: target window already closed
from unknown error: web view not found
  (Session info: chrome=81.0.4044.113)
  (Driver info: chromedriver=2.43.600210 (68dcf5eebde37173d4027fa8635e332711d2874a),platform=Windows NT 10.0.18363 x86_64) (WARNING: The server did not provide any stacktrace information)
Command duration or timeout: 0 milliseconds
Build info: version: '3.141.59', revision: 'e82be7d358', time: '2018-11-14T08:17:03'
System info: host: 'LIT-HYD-L037', ip: '172.16.103.154', os.name: 'Windows 10', os.arch: 'amd64', os.version: '10.0', java.version: '1.8.0_191'
Driver info: org.openqa.selenium.chrome.ChromeDriver
Capabilities {acceptInsecureCerts: false, acceptSslCerts: false, applicationCacheEnabled: false, browserConnectionEnabled: false, browserName: chrome, chrome: {chromedriverVersion: 2.43.600210 (68dcf5eebde371..., userDataDir: C:\Users\JYOTIB~1\AppData\L...}, cssSelectorsEnabled: true, databaseEnabled: false, goog:chromeOptions: {debuggerAddress: localhost:1446}, handlesAlerts: true, hasTouchScreen: false, javascriptEnabled: true, locationContextEnabled: true, mobileEmulationEnabled: false, nativeEvents: true, networkConnectionEnabled: false, pageLoadStrategy: normal, platform: XP, platformName: XP, rotatable: false, setWindowRect: true, takesHeapSnapshot: true, takesScreenshot: true, unexpectedAlertBehaviour: , unhandledPromptBehavior: , version: 81.0.4044.113, webStorageEnabled: true}
Session ID: 09b25456edebb22f6f2c7b1d7e3d253e
*** Element info: {Using=xpath, value=//*[text()='Applicant']/input}
	at sun.reflect.NativeConstructorAccessorImpl.newInstance0(Native Method)
	at sun.reflect.NativeConstructorAccessorImpl.newInstance(NativeConstructorAccessorImpl.java:62)
	at sun.reflect.DelegatingConstructorAccessorImpl.newInstance(DelegatingConstructorAccessorImpl.java:45)
	at java.lang.reflect.Constructor.newInstance(Constructor.java:423)
	at org.openqa.selenium.remote.ErrorHandler.createThrowable(ErrorHandler.java:214)
	at org.openqa.selenium.remote.ErrorHandler.throwIfResponseFailed(ErrorHandler.java:166)
	at org.openqa.selenium.remote.http.JsonHttpResponseCodec.reconstructValue(JsonHttpResponseCodec.java:40)
	at org.openqa.selenium.remote.http.AbstractHttpResponseCodec.decode(AbstractHttpResponseCodec.java:80)
	at org.openqa.selenium.remote.http.AbstractHttpResponseCodec.decode(AbstractHttpResponseCodec.java:44)
	at org.openqa.selenium.remote.HttpCommandExecutor.execute(HttpCommandExecutor.java:158)
	at org.openqa.selenium.remote.service.DriverCommandExecutor.execute(DriverCommandExecutor.java:83)
	at org.openqa.selenium.remote.RemoteWebDriver.execute(RemoteWebDriver.java:552)
	at org.openqa.selenium.remote.RemoteWebDriver.findElement(RemoteWebDriver.java:323)
	at org.openqa.selenium.remote.RemoteWebDriver.findElementByXPath(RemoteWebDriver.java:428)
	at org.openqa.selenium.By$ByXPath.findElement(By.java:353)
	at org.openqa.selenium.remote.RemoteWebDriver.findElement(RemoteWebDriver.java:315)
	at com.esg.utilities.BaseClass.Xpath(BaseClass.java:51)
	at com.esg.utilities.BaseClass.clickWebelement(BaseClass.java:177)
	at com.esg.testclasses.SavedOnlineApplication_TestClass.Step4_Complete_PayeeInformation(SavedOnlineApplication_TestClass.java:265)
	at com.esg.executableclasses.SavedOnlineApplication_ExecutableClass.Complete_Payee_Information_Saved_Online_Application_Step_4(SavedOnlineApplication_ExecutableClass.java:85)
	at sun.reflect.NativeMethodAccessorImpl.invoke0(Native Method)
	at sun.reflect.NativeMethodAccessorImpl.invoke(NativeMethodAccessorImpl.java:62)
	at sun.reflect.DelegatingMethodAccessorImpl.invoke(DelegatingMethodAccessorImpl.java:43)
	at java.lang.reflect.Method.invoke(Method.java:498)
	at org.testng.internal.MethodInvocationHelper.invokeMethod(MethodInvocationHelper.java:104)
	at org.testng.internal.Invoker.invokeMethod(Invoker.java:645)
	at org.testng.internal.Invoker.invokeTestMethod(Invoker.java:851)
	at org.testng.internal.Invoker.invokeTestMethods(Invoker.java:1177)
	at org.testng.internal.TestMethodWorker.invokeTestMethods(TestMethodWorker.java:129)
	at org.testng.internal.TestMethodWorker.run(TestMethodWorker.java:112)
	at org.testng.TestRunner.privateRun(TestRunner.java:756)
	at org.testng.TestRunner.run(TestRunner.java:610)
	at org.testng.SuiteRunner.runTest(SuiteRunner.java:387)
	at org.testng.SuiteRunner.runSequentially(SuiteRunner.java:382)
	at org.testng.SuiteRunner.privateRun(SuiteRunner.java:340)
	at org.testng.SuiteRunner.run(SuiteRunner.java:289)
	at org.testng.SuiteRunnerWorker.runSuite(SuiteRunnerWorker.java:52)
	at org.testng.SuiteRunnerWorker.run(SuiteRunnerWorker.java:86)
	at org.testng.TestNG.runSuitesSequentially(TestNG.java:1293)
	at org.testng.TestNG.runSuitesLocally(TestNG.java:1218)
	at org.testng.TestNG.runSuites(TestNG.java:1133)
	at org.testng.TestNG.run(TestNG.java:1104)
	at org.testng.remote.AbstractRemoteTestNG.run(AbstractRemoteTestNG.java:132)
	at org.testng.remote.RemoteTestNG.initAndRun(RemoteTestNG.java:236)
	at org.testng.remote.RemoteTestNG.main(RemoteTestNG.java:81)
]]>
    </error>
  </testcase> <!-- Complete_Payee_Information_Saved_Online_Application_Step_4 -->
  <testcase name="Verify_ReviewandSubmit_AfterSaveProcess_Saved_Online_Application" time="0.000" classname="com.esg.executableclasses.SavedOnlineApplication_ExecutableClass">
    <skipped/>
  </testcase> <!-- Verify_ReviewandSubmit_AfterSaveProcess_Saved_Online_Application -->
  <testcase name="Complete_Documentation_Saved_Online_Application_Step_9" time="0.000" classname="com.esg.executableclasses.SavedOnlineApplication_ExecutableClass">
    <skipped/>
  </testcase> <!-- Complete_Documentation_Saved_Online_Application_Step_9 -->
  <testcase name="Verify_Documentation_AfterSaveProcess_Saved_Online_Application" time="0.000" classname="com.esg.executableclasses.SavedOnlineApplication_ExecutableClass">
    <skipped/>
  </testcase> <!-- Verify_Documentation_AfterSaveProcess_Saved_Online_Application -->
  <testcase name="Verify_PayeeInformation_AfterSaveProcess_Saved_Online_Application" time="0.000" classname="com.esg.executableclasses.SavedOnlineApplication_ExecutableClass">
    <skipped/>
  </testcase> <!-- Verify_PayeeInformation_AfterSaveProcess_Saved_Online_Application -->
  <testcase name="Complete_How_did_you_hear_about_us_Saved_Online_Application_Step_8" time="0.000" classname="com.esg.executableclasses.SavedOnlineApplication_ExecutableClass">
    <skipped/>
  </testcase> <!-- Complete_How_did_you_hear_about_us_Saved_Online_Application_Step_8 -->
  <testcase name="VerifyPaymentInformation_Saved_Online_Application_Step_11" time="0.000" classname="com.esg.executableclasses.SavedOnlineApplication_ExecutableClass">
    <skipped/>
  </testcase> <!-- VerifyPaymentInformation_Saved_Online_Application_Step_11 -->
  <testcase name="Verify_GettingStarted_After_SaveProcess_Saved_Online_Application" time="0.008" classname="com.esg.executableclasses.SavedOnlineApplication_ExecutableClass">
    <skipped/>
  </testcase> <!-- Verify_GettingStarted_After_SaveProcess_Saved_Online_Application -->
  <testcase name="Navigate_To_Enrollment_Saved_Online_Application_Step" time="0.000" classname="com.esg.executableclasses.SavedOnlineApplication_ExecutableClass">
    <skipped/>
  </testcase> <!-- Navigate_To_Enrollment_Saved_Online_Application_Step -->
  <testcase name="Verify_Created_Application_Saved_Online_Application_Step" time="0.011" classname="com.esg.executableclasses.SavedOnlineApplication_ExecutableClass">
    <skipped/>
  </testcase> <!-- Verify_Created_Application_Saved_Online_Application_Step -->
  <testcase name="VerifyInstallationAddress_Saved_Online_Application_Step_2" time="0.279" classname="com.esg.executableclasses.SavedOnlineApplication_ExecutableClass"/>
  <testcase name="VerifyDocumentation_Saved_Online_Application_Step_11" time="0.000" classname="com.esg.executableclasses.SavedOnlineApplication_ExecutableClass">
    <skipped/>
  </testcase> <!-- VerifyDocumentation_Saved_Online_Application_Step_11 -->
  <testcase name="VerifyApplicantInformation_Saved_Online_Application_Step_2" time="0.285" classname="com.esg.executableclasses.SavedOnlineApplication_ExecutableClass"/>
  <testcase name="Search_and_Verify_Saved_Online_Applications" time="0.000" classname="com.esg.executableclasses.SavedOnlineApplication_ExecutableClass">
    <skipped/>
  </testcase> <!-- Search_and_Verify_Saved_Online_Applications -->
  <testcase name="getResult" time="0.000" classname="com.esg.executableclasses.SavedOnlineApplication_ExecutableClass">
    <error type="org.openqa.selenium.NoSuchWindowException" message="no such window: target window already closed
from unknown error: web view not found
  (Session info: chrome=81.0.4044.113)
  (Driver info: chromedriver=2.43.600210 (68dcf5eebde37173d4027fa8635e332711d2874a),platform=Windows NT 10.0.18363 x86_64) (WARNING: The server did not provide any stacktrace information)
Command duration or timeout: 0 milliseconds
Build info: version: &#039;3.141.59&#039;, revision: &#039;e82be7d358&#039;, time: &#039;2018-11-14T08:17:03&#039;
System info: host: &#039;LIT-HYD-L037&#039;, ip: &#039;172.16.103.154&#039;, os.name: &#039;Windows 10&#039;, os.arch: &#039;amd64&#039;, os.version: &#039;10.0&#039;, java.version: &#039;1.8.0_191&#039;
Driver info: org.openqa.selenium.chrome.ChromeDriver
Capabilities {acceptInsecureCerts: false, acceptSslCerts: false, applicationCacheEnabled: false, browserConnectionEnabled: false, browserName: chrome, chrome: {chromedriverVersion: 2.43.600210 (68dcf5eebde371..., userDataDir: C:\Users\JYOTIB~1\AppData\L...}, cssSelectorsEnabled: true, databaseEnabled: false, goog:chromeOptions: {debuggerAddress: localhost:1446}, handlesAlerts: true, hasTouchScreen: false, javascriptEnabled: true, locationContextEnabled: true, mobileEmulationEnabled: false, nativeEvents: true, networkConnectionEnabled: false, pageLoadStrategy: normal, platform: XP, platformName: XP, rotatable: false, setWindowRect: true, takesHeapSnapshot: true, takesScreenshot: true, unexpectedAlertBehaviour: , unhandledPromptBehavior: , version: 81.0.4044.113, webStorageEnabled: true}
Session ID: 09b25456edebb22f6f2c7b1d7e3d253e">
      <![CDATA[org.openqa.selenium.NoSuchWindowException: no such window: target window already closed
from unknown error: web view not found
  (Session info: chrome=81.0.4044.113)
  (Driver info: chromedriver=2.43.600210 (68dcf5eebde37173d4027fa8635e332711d2874a),platform=Windows NT 10.0.18363 x86_64) (WARNING: The server did not provide any stacktrace information)
Command duration or timeout: 0 milliseconds
Build info: version: '3.141.59', revision: 'e82be7d358', time: '2018-11-14T08:17:03'
System info: host: 'LIT-HYD-L037', ip: '172.16.103.154', os.name: 'Windows 10', os.arch: 'amd64', os.version: '10.0', java.version: '1.8.0_191'
Driver info: org.openqa.selenium.chrome.ChromeDriver
Capabilities {acceptInsecureCerts: false, acceptSslCerts: false, applicationCacheEnabled: false, browserConnectionEnabled: false, browserName: chrome, chrome: {chromedriverVersion: 2.43.600210 (68dcf5eebde371..., userDataDir: C:\Users\JYOTIB~1\AppData\L...}, cssSelectorsEnabled: true, databaseEnabled: false, goog:chromeOptions: {debuggerAddress: localhost:1446}, handlesAlerts: true, hasTouchScreen: false, javascriptEnabled: true, locationContextEnabled: true, mobileEmulationEnabled: false, nativeEvents: true, networkConnectionEnabled: false, pageLoadStrategy: normal, platform: XP, platformName: XP, rotatable: false, setWindowRect: true, takesHeapSnapshot: true, takesScreenshot: true, unexpectedAlertBehaviour: , unhandledPromptBehavior: , version: 81.0.4044.113, webStorageEnabled: true}
Session ID: 09b25456edebb22f6f2c7b1d7e3d253e
	at sun.reflect.NativeConstructorAccessorImpl.newInstance0(Native Method)
	at sun.reflect.NativeConstructorAccessorImpl.newInstance(NativeConstructorAccessorImpl.java:62)
	at sun.reflect.DelegatingConstructorAccessorImpl.newInstance(DelegatingConstructorAccessorImpl.java:45)
	at java.lang.reflect.Constructor.newInstance(Constructor.java:423)
	at org.openqa.selenium.remote.ErrorHandler.createThrowable(ErrorHandler.java:214)
	at org.openqa.selenium.remote.ErrorHandler.throwIfResponseFailed(ErrorHandler.java:166)
	at org.openqa.selenium.remote.http.JsonHttpResponseCodec.reconstructValue(JsonHttpResponseCodec.java:40)
	at org.openqa.selenium.remote.http.AbstractHttpResponseCodec.decode(AbstractHttpResponseCodec.java:80)
	at org.openqa.selenium.remote.http.AbstractHttpResponseCodec.decode(AbstractHttpResponseCodec.java:44)
	at org.openqa.selenium.remote.HttpCommandExecutor.execute(HttpCommandExecutor.java:158)
	at org.openqa.selenium.remote.service.DriverCommandExecutor.execute(DriverCommandExecutor.java:83)
	at org.openqa.selenium.remote.RemoteWebDriver.execute(RemoteWebDriver.java:552)
	at org.openqa.selenium.remote.RemoteWebDriver.execute(RemoteWebDriver.java:609)
	at org.openqa.selenium.remote.RemoteWebDriver.getScreenshotAs(RemoteWebDriver.java:295)
	at com.esg.utilities.GetScreenShot.capture(GetScreenShot.java:19)
	at com.esg.executableclasses.SavedOnlineApplication_ExecutableClass.getResult(SavedOnlineApplication_ExecutableClass.java:277)
	at sun.reflect.NativeMethodAccessorImpl.invoke0(Native Method)
	at sun.reflect.NativeMethodAccessorImpl.invoke(NativeMethodAccessorImpl.java:62)
	at sun.reflect.DelegatingMethodAccessorImpl.invoke(DelegatingMethodAccessorImpl.java:43)
	at java.lang.reflect.Method.invoke(Method.java:498)
	at org.testng.internal.MethodInvocationHelper.invokeMethod(MethodInvocationHelper.java:104)
	at org.testng.internal.Invoker.invokeConfigurationMethod(Invoker.java:515)
	at org.testng.internal.Invoker.invokeConfigurations(Invoker.java:217)
	at org.testng.internal.Invoker.invokeMethod(Invoker.java:712)
	at org.testng.internal.Invoker.invokeTestMethod(Invoker.java:851)
	at org.testng.internal.Invoker.invokeTestMethods(Invoker.java:1177)
	at org.testng.internal.TestMethodWorker.invokeTestMethods(TestMethodWorker.java:129)
	at org.testng.internal.TestMethodWorker.run(TestMethodWorker.java:112)
	at org.testng.TestRunner.privateRun(TestRunner.java:756)
	at org.testng.TestRunner.run(TestRunner.java:610)
	at org.testng.SuiteRunner.runTest(SuiteRunner.java:387)
	at org.testng.SuiteRunner.runSequentially(SuiteRunner.java:382)
	at org.testng.SuiteRunner.privateRun(SuiteRunner.java:340)
	at org.testng.SuiteRunner.run(SuiteRunner.java:289)
	at org.testng.SuiteRunnerWorker.runSuite(SuiteRunnerWorker.java:52)
	at org.testng.SuiteRunnerWorker.run(SuiteRunnerWorker.java:86)
	at org.testng.TestNG.runSuitesSequentially(TestNG.java:1293)
	at org.testng.TestNG.runSuitesLocally(TestNG.java:1218)
	at org.testng.TestNG.runSuites(TestNG.java:1133)
	at org.testng.TestNG.run(TestNG.java:1104)
	at org.testng.remote.AbstractRemoteTestNG.run(AbstractRemoteTestNG.java:132)
	at org.testng.remote.RemoteTestNG.initAndRun(RemoteTestNG.java:236)
	at org.testng.remote.RemoteTestNG.main(RemoteTestNG.java:81)
]]>
    </error>
  </testcase> <!-- getResult -->
  <testcase name="VerifyApplicantInformation_Saved_Online_Application_Step_11" time="0.000" classname="com.esg.executableclasses.SavedOnlineApplication_ExecutableClass">
    <skipped/>
  </testcase> <!-- VerifyApplicantInformation_Saved_Online_Application_Step_11 -->
  <testcase name="Complete_Customer_Information_Saved_Online_Application_Step_2" time="618.567" classname="com.esg.executableclasses.SavedOnlineApplication_ExecutableClass"/>
  <testcase name="Complete_Payment_Information_Saved_Online_Application_Step_7" time="0.000" classname="com.esg.executableclasses.SavedOnlineApplication_ExecutableClass">
    <skipped/>
  </testcase> <!-- Complete_Payment_Information_Saved_Online_Application_Step_7 -->
  <testcase name="Complete_ReviewandSubmit_Saved_Online_Application_Step_11" time="0.000" classname="com.esg.executableclasses.SavedOnlineApplication_ExecutableClass">
    <skipped/>
  </testcase> <!-- Complete_ReviewandSubmit_Saved_Online_Application_Step_11 -->
  <testcase name="VerifyPayeeInformation_Saved_Online_Application_Step_11" time="0.011" classname="com.esg.executableclasses.SavedOnlineApplication_ExecutableClass">
    <skipped/>
  </testcase> <!-- VerifyPayeeInformation_Saved_Online_Application_Step_11 -->
  <testcase name="VerifyPropertyInformation_Saved_Online_Application_Step_11" time="0.031" classname="com.esg.executableclasses.SavedOnlineApplication_ExecutableClass">
    <skipped/>
  </testcase> <!-- VerifyPropertyInformation_Saved_Online_Application_Step_11 -->
  <testcase name="VerifyGeneralApplicationInformation_Saved_Online_Application_Step_11" time="0.000" classname="com.esg.executableclasses.SavedOnlineApplication_ExecutableClass">
    <skipped/>
  </testcase> <!-- VerifyGeneralApplicationInformation_Saved_Online_Application_Step_11 -->
  <testcase name="Verify_How_did_you_hear_about_us_AfterSaveProcess_Saved_Online_Application" time="0.002" classname="com.esg.executableclasses.SavedOnlineApplication_ExecutableClass">
    <skipped/>
  </testcase> <!-- Verify_How_did_you_hear_about_us_AfterSaveProcess_Saved_Online_Application -->
  <testcase name="VerifyCustmerInformation_Saved_Online_Application_Step_2" time="0.470" classname="com.esg.executableclasses.SavedOnlineApplication_ExecutableClass"/>
  <testcase name="VerifyGeneralApplicationInformation_Saved_Online_Application_Step_2" time="0.172" classname="com.esg.executableclasses.SavedOnlineApplication_ExecutableClass"/>
  <testcase name="Complete_Equipment_Information_Saved_Online_Application_Step_5" time="0.000" classname="com.esg.executableclasses.SavedOnlineApplication_ExecutableClass">
    <skipped/>
  </testcase> <!-- Complete_Equipment_Information_Saved_Online_Application_Step_5 -->
  <testcase name="VerifyMailingAddress_Saved_Online_Application_Step_2" time="0.501" classname="com.esg.executableclasses.SavedOnlineApplication_ExecutableClass"/>
  <testcase name="Verify_IncentiveSummary_AfterSaveProcess_Saved_Online_Application" time="0.000" classname="com.esg.executableclasses.SavedOnlineApplication_ExecutableClass">
    <skipped/>
  </testcase> <!-- Verify_IncentiveSummary_AfterSaveProcess_Saved_Online_Application -->
</testsuite> <!-- com.esg.executableclasses.SavedOnlineApplication_ExecutableClass -->
